<?xml version="1.0" encoding="utf-8" standalone="no"?>
<!--This file represents the results of running a test suite-->
<test-results name="C:\Code\MongoSharp\Tests.nunit" total="1" errors="0" failures="1" not-run="0" inconclusive="0" ignored="0" skipped="0" invalid="0" date="2010-02-13" time="21:56:31">
  <environment nunit-version="2.5.3.9345" clr-version="2.0.50727.3603" os-version="Microsoft Windows NT 5.1.2600 Service Pack 3" platform="Win32NT" cwd="C:\Code\MongoSharp" machine-name="XPATT" user="atheken" user-domain="XPATT" />
  <culture-info current-culture="en-US" current-uiculture="en-US" />
  <test-suite name="C:\Code\MongoSharp\Tests.nunit" executed="True" success="False" time="1.031" asserts="0">
    <results>
      <test-suite name="C:\Code\MongoSharp\System.Data.Mongo.Tests\bin\Debug\System.Data.Mongo.Tests.dll" executed="True" success="False" time="1.016" asserts="0">
        <results>
          <test-suite name="System" executed="True" success="False" time="1.016" asserts="0">
            <results>
              <test-suite name="Data" executed="True" success="False" time="1.016" asserts="0">
                <results>
                  <test-suite name="Mongo" executed="True" success="False" time="1.016" asserts="0">
                    <results>
                      <test-suite name="Tests" executed="True" success="False" time="1.016" asserts="0">
                        <results>
                          <test-suite name="MongoDatabaseTest" executed="True" success="False" time="1.016" asserts="0">
                            <results>
                              <test-case name="System.Data.Mongo.Tests.MongoDatabaseTest.Drop_Collection_Returns_True" executed="True" success="False" time="1.016" asserts="1">
                                <failure>
                                  <message><![CDATA[  Expected: True
  But was:  False
]]></message>
                                  <stack-trace><![CDATA[at System.Data.Mongo.Tests.MongoDatabaseTest.Drop_Collection_Returns_True() in C:\Code\MongoSharp\System.Data.Mongo.Tests\MongoDatabaseTest.cs:line 27
]]></stack-trace>
                                </failure>
                              </test-case>
                            </results>
                          </test-suite>
                        </results>
                      </test-suite>
                    </results>
                  </test-suite>
                </results>
              </test-suite>
            </results>
          </test-suite>
        </results>
      </test-suite>
    </results>
  </test-suite>
</test-results>