<?xml version="1.0" encoding="utf-8" standalone="no"?>
<!--This file represents the results of running a test suite-->
<test-results name="C:\Code\MongoSharp\Tests.nunit" total="15" errors="0" failures="2" not-run="0" inconclusive="0" ignored="0" skipped="0" invalid="0" date="2010-02-14" time="16:15:44">
  <environment nunit-version="2.5.3.9345" clr-version="2.0.50727.3603" os-version="Microsoft Windows NT 5.1.2600 Service Pack 3" platform="Win32NT" cwd="C:\Code\MongoSharp" machine-name="XPATT" user="atheken" user-domain="XPATT" />
  <culture-info current-culture="en-US" current-uiculture="en-US" />
  <test-suite name="C:\Code\MongoSharp\Tests.nunit" executed="True" success="False" time="5.750" asserts="0">
    <results>
      <test-suite name="C:\Code\MongoSharp\System.Data.Mongo.Tests\bin\Debug\System.Data.Mongo.Tests.dll" executed="True" success="False" time="5.609" asserts="0">
        <results>
          <test-suite name="System" executed="True" success="False" time="5.594" asserts="0">
            <results>
              <test-suite name="Data" executed="True" success="False" time="5.594" asserts="0">
                <results>
                  <test-suite name="Mongo" executed="True" success="False" time="5.594" asserts="0">
                    <results>
                      <test-suite name="Tests" executed="True" success="False" time="5.594" asserts="0">
                        <results>
                          <test-suite name="MongoContextTest" executed="True" success="False" time="2.563" asserts="0">
                            <results>
                              <test-case name="System.Data.Mongo.Tests.MongoContextTest.Drop_Database_Returns_True" executed="True" success="False" time="1.359" asserts="1">
                                <failure>
                                  <message><![CDATA[  Expected: True
  But was:  False
]]></message>
                                  <stack-trace><![CDATA[at System.Data.Mongo.Tests.MongoContextTest.Drop_Database_Returns_True() in C:\Code\MongoSharp\System.Data.Mongo.Tests\MongoContextTest.cs:line 42
]]></stack-trace>
                                </failure>
                              </test-case>
                              <test-case name="System.Data.Mongo.Tests.MongoContextTest.GetAllDatabases_Returns_DBs" executed="True" success="True" time="1.016" asserts="1" />
                            </results>
                          </test-suite>
                          <test-suite name="MongoDatabaseTest" executed="True" success="False" time="2.016" asserts="0">
                            <results>
                              <test-case name="System.Data.Mongo.Tests.MongoDatabaseTest.Drop_Collection_Returns_True" executed="True" success="False" time="1.016" asserts="1">
                                <failure>
                                  <message><![CDATA[  Expected: True
  But was:  False
]]></message>
                                  <stack-trace><![CDATA[at System.Data.Mongo.Tests.MongoDatabaseTest.Drop_Collection_Returns_True() in C:\Code\MongoSharp\System.Data.Mongo.Tests\MongoDatabaseTest.cs:line 27
]]></stack-trace>
                                </failure>
                              </test-case>
                              <test-case name="System.Data.Mongo.Tests.MongoDatabaseTest.GetAllCollections_Returns_Collections" executed="True" success="True" time="1.000" asserts="1" />
                            </results>
                          </test-suite>
                          <test-suite name="MongoFindTest" executed="True" success="True" time="1.016" asserts="0">
                            <results>
                              <test-case name="System.Data.Mongo.Tests.MongoFindTest.MongoDatabase_FindOne_Returns" executed="True" success="True" time="1.016" asserts="1" />
                            </results>
                          </test-suite>
                        </results>
                      </test-suite>
                    </results>
                  </test-suite>
                </results>
              </test-suite>
            </results>
          </test-suite>
        </results>
      </test-suite>
      <test-suite name="C:\Code\MongoSharp\BSONLib.Tests\bin\Debug\BSONLib.Tests.dll" executed="True" success="True" time="0.109" asserts="0">
        <results>
          <test-suite name="BSONLib" executed="True" success="True" time="0.109" asserts="0">
            <results>
              <test-suite name="Tests" executed="True" success="True" time="0.109" asserts="0">
                <results>
                  <test-suite name="BSONSerializerTest" executed="True" success="True" time="0.109" asserts="0">
                    <results>
                      <test-case name="BSONLib.Tests.BSONSerializerTest.Recursive_NestedTypes_Dont_Cause_Infinite_Loop" executed="True" success="True" time="0.016" asserts="0" />
                      <test-case name="BSONLib.Tests.BSONSerializerTest.Serialization_Of_Booleans_Are_Not_Lossy" executed="True" success="True" time="0.000" asserts="2" />
                      <test-case name="BSONLib.Tests.BSONSerializerTest.Serialization_Of_Bytes_Is_Not_Lossy" executed="True" success="True" time="0.000" asserts="2" />
                      <test-case name="BSONLib.Tests.BSONSerializerTest.Serialization_Of_Doubles_Are_Not_Lossy" executed="True" success="True" time="0.016" asserts="2" />
                      <test-case name="BSONLib.Tests.BSONSerializerTest.Serialization_Of_Guid_Is_Not_Lossy" executed="True" success="True" time="0.000" asserts="2" />
                      <test-case name="BSONLib.Tests.BSONSerializerTest.Serialization_Of_Ints_Are_Not_Lossy" executed="True" success="True" time="0.000" asserts="2" />
                      <test-case name="BSONLib.Tests.BSONSerializerTest.Serialization_Of_NestedObjects_Is_Not_Lossy" executed="True" success="True" time="0.000" asserts="3" />
                      <test-case name="BSONLib.Tests.BSONSerializerTest.Serialization_Of_Regex_Is_Not_Lossy" executed="True" success="True" time="0.063" asserts="3" />
                      <test-case name="BSONLib.Tests.BSONSerializerTest.Serialization_Of_Strings_Are_Not_Lossy" executed="True" success="True" time="0.000" asserts="2" />
                      <test-case name="BSONLib.Tests.BSONSerializerTest.Serializing_POCO_Generates_Bytes" executed="True" success="True" time="0.000" asserts="1" />
                    </results>
                  </test-suite>
                </results>
              </test-suite>
            </results>
          </test-suite>
        </results>
      </test-suite>
    </results>
  </test-suite>
</test-results>