<?xml version="1.0" encoding="utf-8" standalone="no"?>
<!--This file represents the results of running a test suite-->
<test-results name="C:\Code\MongoSharp\Tests.nunit" total="1" errors="0" failures="0" not-run="0" inconclusive="0" ignored="0" skipped="0" invalid="0" date="2010-02-14" time="20:31:02">
  <environment nunit-version="2.5.3.9345" clr-version="2.0.50727.3603" os-version="Microsoft Windows NT 5.1.2600 Service Pack 3" platform="Win32NT" cwd="C:\Code\MongoSharp" machine-name="XPATT" user="atheken" user-domain="XPATT" />
  <culture-info current-culture="en-US" current-uiculture="en-US" />
  <test-suite name="C:\Code\MongoSharp\Tests.nunit" executed="True" success="True" time="2.313" asserts="0">
    <results>
      <test-suite name="C:\Code\MongoSharp\MongoSharp.Tests\bin\Debug\MongoSharp.Tests.dll" executed="True" success="True" time="2.313" asserts="0">
        <results>
          <test-suite name="MongoSharp" executed="True" success="True" time="2.313" asserts="0">
            <results>
              <test-suite name="Tests" executed="True" success="True" time="2.313" asserts="0">
                <results>
                  <test-suite name="MongoCollectionTest" executed="True" success="True" time="2.313" asserts="0">
                    <results>
                      <test-case name="MongoSharp.Tests.MongoCollectionTest.Distinct_For_Key_Returns_Correct_Set" executed="True" success="True" time="2.313" asserts="1" />
                    </results>
                  </test-suite>
                </results>
              </test-suite>
            </results>
          </test-suite>
        </results>
      </test-suite>
    </results>
  </test-suite>
</test-results>