<?xml version="1.0" encoding="utf-8" standalone="no"?>
<!--This file represents the results of running a test suite-->
<test-results name="C:\Code\MongoSharp\Tests.nunit" total="1" errors="0" failures="1" not-run="0" inconclusive="0" ignored="0" skipped="0" invalid="0" date="2010-02-14" time="16:53:42">
  <environment nunit-version="2.5.3.9345" clr-version="2.0.50727.3603" os-version="Microsoft Windows NT 5.1.2600 Service Pack 3" platform="Win32NT" cwd="C:\Code\MongoSharp" machine-name="XPATT" user="atheken" user-domain="XPATT" />
  <culture-info current-culture="en-US" current-uiculture="en-US" />
  <test-suite name="C:\Code\MongoSharp\Tests.nunit" executed="True" success="False" time="1.047" asserts="0">
    <results>
      <test-suite name="C:\Code\MongoSharp\MongoSharp.Tests\bin\Debug\MongoSharp.Tests.dll" executed="True" success="False" time="1.047" asserts="0">
        <results>
          <test-suite name="MongoSharp" executed="True" success="False" time="1.047" asserts="0">
            <results>
              <test-suite name="Query" executed="True" success="False" time="1.047" asserts="0">
                <results>
                  <test-suite name="Tests" executed="True" success="False" time="1.016" asserts="0">
                    <results>
                      <test-suite name="MongoContextTest" executed="True" success="False" time="1.016" asserts="0">
                        <results>
                          <test-case name="MongoSharp.Query.Tests.MongoContextTest.Drop_Database_Returns_True" executed="True" success="False" time="1.016" asserts="1">
                            <failure>
                              <message><![CDATA[  Expected: True
  But was:  False
]]></message>
                              <stack-trace><![CDATA[at MongoSharp.Query.Tests.MongoContextTest.Drop_Database_Returns_True() in C:\Code\MongoSharp\MongoSharp.Tests\MongoContextTest.cs:line 43
]]></stack-trace>
                            </failure>
                          </test-case>
                        </results>
                      </test-suite>
                    </results>
                  </test-suite>
                </results>
              </test-suite>
            </results>
          </test-suite>
        </results>
      </test-suite>
    </results>
  </test-suite>
</test-results>