<?xml version="1.0" encoding="utf-8" standalone="no"?>
<!--This file represents the results of running a test suite-->
<test-results name="C:\Documents and Settings\atheken\My Documents\Visual Studio 2008\Projects\BSONLib\BSONLib.Tests\bin\Debug\BSONLib.Tests.dll" total="1" errors="1" failures="0" not-run="0" inconclusive="0" ignored="0" skipped="0" invalid="0" date="2010-01-30" time="18:34:57">
  <environment nunit-version="2.5.3.9345" clr-version="2.0.50727.3603" os-version="Microsoft Windows NT 5.1.2600 Service Pack 3" platform="Win32NT" cwd="C:\Documents and Settings\atheken\My Documents\Visual Studio 2008\Projects\BSONLib\BSONLib.Tests\bin\Debug" machine-name="XPATT" user="atheken" user-domain="XPATT" />
  <culture-info current-culture="en-US" current-uiculture="en-US" />
  <test-suite name="C:\Documents and Settings\atheken\My Documents\Visual Studio 2008\Projects\BSONLib\BSONLib.Tests\bin\Debug\BSONLib.Tests.dll" executed="True" success="False" time="0.000" asserts="0">
    <results>
      <test-suite name="BSONLib" executed="True" success="False" time="0.000" asserts="0">
        <results>
          <test-suite name="Tests" executed="True" success="False" time="0.000" asserts="0">
            <results>
              <test-suite name="BSONSerializerTest" executed="True" success="False" time="0.000" asserts="0">
                <results>
                  <test-case name="BSONLib.Tests.BSONSerializerTest.Serializint_POCO_Generates_Bytes" executed="True" success="False" time="0.000" asserts="0">
                    <failure>
                      <message><![CDATA[System.ArgumentOutOfRangeException : Index was out of range. Must be non-negative and less than the size of the collection.
Parameter name: index]]></message>
                      <stack-trace><![CDATA[at System.ThrowHelper.ThrowArgumentOutOfRangeException(ExceptionArgument argument, ExceptionResource resource)
at System.ThrowHelper.ThrowArgumentOutOfRangeException()
at System.Collections.Generic.List`1.set_Item(Int32 index, T value)
at BSONLib.BSONSerializer.SerializeMember(String key, Object value) in C:\Documents and Settings\atheken\My Documents\Visual Studio 2008\Projects\BSONLib\BSONLib\BSONSerializer.cs:line 62
at BSONLib.BSONSerializer.Serialize[T](T document) in C:\Documents and Settings\atheken\My Documents\Visual Studio 2008\Projects\BSONLib\BSONLib\BSONSerializer.cs:line 41
at BSONLib.Tests.BSONSerializerTest.Serializint_POCO_Generates_Bytes() in C:\Documents and Settings\atheken\My Documents\Visual Studio 2008\Projects\BSONLib\BSONLib.Tests\BSONSerializerTest.cs:line 22
]]></stack-trace>
                    </failure>
                  </test-case>
                </results>
              </test-suite>
            </results>
          </test-suite>
        </results>
      </test-suite>
    </results>
  </test-suite>
</test-results>