<?xml version="1.0" encoding="utf-8" standalone="no"?>
<!--This file represents the results of running a test suite-->
<test-results name="C:\Code\MongoSharp\BSONLib.Tests\bin\Debug\BSONLib.Tests.dll" total="7" errors="0" failures="0" not-run="0" inconclusive="0" ignored="0" skipped="0" invalid="0" date="2010-02-02" time="19:59:54">
  <environment nunit-version="2.5.3.9345" clr-version="2.0.50727.3603" os-version="Microsoft Windows NT 5.1.2600 Service Pack 3" platform="Win32NT" cwd="C:\Program Files\NUnit 2.5.3\bin\net-2.0" machine-name="XPATT" user="atheken" user-domain="XPATT" />
  <culture-info current-culture="en-US" current-uiculture="en-US" />
  <test-suite name="C:\Code\MongoSharp\BSONLib.Tests\bin\Debug\BSONLib.Tests.dll" executed="True" success="True" time="0.188" asserts="0">
    <results>
      <test-suite name="BSONLib" executed="True" success="True" time="0.172" asserts="0">
        <results>
          <test-suite name="Tests" executed="True" success="True" time="0.172" asserts="0">
            <results>
              <test-suite name="BSONSerializerTest" executed="True" success="True" time="0.172" asserts="0">
                <results>
                  <test-case name="BSONLib.Tests.BSONSerializerTest.Serialization_Of_Booleans_Are_Not_Lossy" executed="True" success="True" time="0.125" asserts="2" />
                  <test-case name="BSONLib.Tests.BSONSerializerTest.Serialization_Of_Bytes_Is_Not_Lossy" executed="True" success="True" time="0.016" asserts="2" />
                  <test-case name="BSONLib.Tests.BSONSerializerTest.Serialization_Of_Doubles_Are_Not_Lossy" executed="True" success="True" time="0.000" asserts="2" />
                  <test-case name="BSONLib.Tests.BSONSerializerTest.Serialization_Of_Guid_Is_Not_Lossy" executed="True" success="True" time="0.016" asserts="2" />
                  <test-case name="BSONLib.Tests.BSONSerializerTest.Serialization_Of_Ints_Are_Not_Lossy" executed="True" success="True" time="0.000" asserts="2" />
                  <test-case name="BSONLib.Tests.BSONSerializerTest.Serialization_Of_Strings_Are_Not_Lossy" executed="True" success="True" time="0.000" asserts="2" />
                  <test-case name="BSONLib.Tests.BSONSerializerTest.Serializing_POCO_Generates_Bytes" executed="True" success="True" time="0.016" asserts="1" />
                </results>
              </test-suite>
            </results>
          </test-suite>
        </results>
      </test-suite>
    </results>
  </test-suite>
</test-results>