<?xml version="1.0" encoding="utf-8" standalone="no"?>
<!--This file represents the results of running a test suite-->
<test-results name="C:\mydata\git\MongoSharp\MongoSharp.Tests\bin\Debug\MongoSharp.Tests.dll" total="11" errors="0" failures="2" not-run="0" inconclusive="0" ignored="0" skipped="0" invalid="0" date="2010-02-15" time="18:28:58">
  <environment nunit-version="2.5.3.9345" clr-version="2.0.50727.4927" os-version="Microsoft Windows NT 6.1.7600.0" platform="Win32NT" cwd="C:\mydata\NUnit-2.5.3.9345\bin\net-2.0" machine-name="JALEXANDER-WORK" user="jalexander" user-domain="jalexander-work" />
  <culture-info current-culture="en-US" current-uiculture="en-US" />
  <test-suite name="C:\mydata\git\MongoSharp\MongoSharp.Tests\bin\Debug\MongoSharp.Tests.dll" executed="True" success="False" time="32.635" asserts="0">
    <results>
      <test-suite name="MongoSharp" executed="True" success="False" time="32.627" asserts="0">
        <results>
          <test-suite name="Tests" executed="True" success="False" time="32.624" asserts="0">
            <results>
              <test-suite name="MongoFindTests" executed="True" success="False" time="32.623" asserts="0">
                <results>
                  <test-case name="MongoSharp.Tests.MongoFindTests.FindOne_Qualifier_All" executed="True" success="True" time="2.384" asserts="1" />
                  <test-case name="MongoSharp.Tests.MongoFindTests.FindOne_Qualifier_Exists" executed="True" success="True" time="3.011" asserts="1" />
                  <test-case name="MongoSharp.Tests.MongoFindTests.FindOne_Qualifier_GreaterOrEqual" executed="True" success="True" time="3.011" asserts="1" />
                  <test-case name="MongoSharp.Tests.MongoFindTests.FindOne_Qualifier_GreaterThan" executed="True" success="True" time="3.010" asserts="1" />
                  <test-case name="MongoSharp.Tests.MongoFindTests.FindOne_Qualifier_In" executed="True" success="False" time="3.030" asserts="1">
                    <failure>
                      <message><![CDATA[  Expected: 2
  But was:  1
]]></message>
                      <stack-trace><![CDATA[at MongoSharp.Tests.MongoFindTests.FindOne_Qualifier_In() in C:\mydata\git\MongoSharp\MongoSharp.Tests\MongoFindTest.cs:line 137
]]></stack-trace>
                    </failure>
                  </test-case>
                  <test-case name="MongoSharp.Tests.MongoFindTests.FindOne_Qualifier_LessOrEqual" executed="True" success="True" time="3.012" asserts="1" />
                  <test-case name="MongoSharp.Tests.MongoFindTests.FindOne_Qualifier_LessThan" executed="True" success="True" time="3.009" asserts="1" />
                  <test-case name="MongoSharp.Tests.MongoFindTests.FindOne_Qualifier_NotEqual" executed="True" success="True" time="3.011" asserts="1" />
                  <test-case name="MongoSharp.Tests.MongoFindTests.FindOne_Qualifier_NotIn" executed="True" success="False" time="3.027" asserts="1">
                    <failure>
                      <message><![CDATA[  Expected: 2
  But was:  1
]]></message>
                      <stack-trace><![CDATA[at MongoSharp.Tests.MongoFindTests.FindOne_Qualifier_NotIn() in C:\mydata\git\MongoSharp\MongoSharp.Tests\MongoFindTest.cs:line 156
]]></stack-trace>
                    </failure>
                  </test-case>
                  <test-case name="MongoSharp.Tests.MongoFindTests.FindOne_Qualifier_Size" executed="True" success="True" time="3.016" asserts="1" />
                  <test-case name="MongoSharp.Tests.MongoFindTests.FindOne_Returns_Something" executed="True" success="True" time="3.023" asserts="1" />
                </results>
              </test-suite>
            </results>
          </test-suite>
        </results>
      </test-suite>
    </results>
  </test-suite>
</test-results>