<?xml version="1.0" encoding="utf-8" standalone="no"?>
<!--This file represents the results of running a test suite-->
<test-results name="C:\mydata\git\MongoSharp\MongoSharp.Tests\bin\Debug\MongoSharp.Tests.dll" total="1" errors="0" failures="0" not-run="0" inconclusive="0" ignored="0" skipped="0" invalid="0" date="2010-02-14" time="18:09:13">
  <environment nunit-version="2.5.3.9345" clr-version="2.0.50727.4927" os-version="Microsoft Windows NT 6.1.7600.0" platform="Win32NT" cwd="C:\mydata\NUnit-2.5.3.9345\bin\net-2.0" machine-name="JALEXANDER-WORK" user="jalexander" user-domain="jalexander-work" />
  <culture-info current-culture="en-US" current-uiculture="en-US" />
  <test-suite name="C:\mydata\git\MongoSharp\MongoSharp.Tests\bin\Debug\MongoSharp.Tests.dll" executed="True" success="True" time="0.380" asserts="0">
    <results>
      <test-suite name="MongoSharp" executed="True" success="True" time="0.364" asserts="0">
        <results>
          <test-suite name="Query" executed="True" success="True" time="0.364" asserts="0">
            <results>
              <test-suite name="Tests" executed="True" success="True" time="0.362" asserts="0">
                <results>
                  <test-suite name="MongoFindTest" executed="True" success="True" time="0.361" asserts="0">
                    <results>
                      <test-case name="MongoSharp.Query.Tests.MongoFindTest.Collection_Statistics_Returns" executed="True" success="True" time="0.347" asserts="1" />
                    </results>
                  </test-suite>
                </results>
              </test-suite>
            </results>
          </test-suite>
        </results>
      </test-suite>
    </results>
  </test-suite>
</test-results>