<?xml version="1.0" encoding="utf-8" standalone="no"?>
<!--This file represents the results of running a test suite-->
<test-results name="C:\mydata\git\MongoSharp\MongoSharp.Tests\bin\Debug\MongoSharp.Tests.dll" total="1" errors="1" failures="0" not-run="0" inconclusive="0" ignored="0" skipped="0" invalid="0" date="2010-02-15" time="16:42:10">
  <environment nunit-version="2.5.3.9345" clr-version="2.0.50727.4927" os-version="Microsoft Windows NT 6.1.7600.0" platform="Win32NT" cwd="C:\mydata\NUnit-2.5.3.9345\bin\net-2.0" machine-name="JALEXANDER-WORK" user="jalexander" user-domain="jalexander-work" />
  <culture-info current-culture="en-US" current-uiculture="en-US" />
  <test-suite name="C:\mydata\git\MongoSharp\MongoSharp.Tests\bin\Debug\MongoSharp.Tests.dll" executed="True" success="False" time="2.477" asserts="0">
    <results>
      <test-suite name="MongoSharp" executed="True" success="False" time="2.466" asserts="0">
        <results>
          <test-suite name="Tests" executed="True" success="False" time="2.464" asserts="0">
            <results>
              <test-suite name="MongoFindTests" executed="True" success="False" time="2.440" asserts="0">
                <results>
                  <test-case name="MongoSharp.Tests.MongoFindTests.FindOne_Qualifier_Size" executed="True" success="False" time="2.424" asserts="0">
                    <failure>
                      <message><![CDATA[System.NotSupportedException : This type cannot be serialized using the BSONSerializer]]></message>
                      <stack-trace><![CDATA[at MongoSharp.BSON.BSONSerializer.Deserialize(BinaryReader stream, IDictionary`2& outProps, Type returnType) in C:\mydata\git\MongoSharp\MongoSharp\BSON\BSONSerializer.cs:line 615
at MongoSharp.BSON.BSONSerializer.Deserialize[T](BinaryReader stream, IDictionary`2& outProps) in C:\mydata\git\MongoSharp\MongoSharp\BSON\BSONSerializer.cs:line 572
at MongoSharp.BSON.BSONSerializer.Deserialize[T](Byte[] objectData, IDictionary`2& outProps) in C:\mydata\git\MongoSharp\MongoSharp\BSON\BSONSerializer.cs:line 586
at MongoSharp.Protocol.Messages.ReplyMessage`1..ctor(MongoServer context, String fullyQualifiedCollestionName, BinaryReader reply) in C:\mydata\git\MongoSharp\MongoSharp\Protocol\Messages\ReplyMessage.cs:line 49
at MongoSharp.Protocol.Messages.QueryMessage`2.Execute() in C:\mydata\git\MongoSharp\MongoSharp\Protocol\Messages\QueryMessage.cs:line 145
at MongoSharp.MongoCollection`1.<Find>d__1`1.MoveNext() in C:\mydata\git\MongoSharp\MongoSharp\MongoCollection.cs:line 215
at System.Linq.Enumerable.Count[TSource](IEnumerable`1 source)
at MongoSharp.Tests.MongoFindTests.FindOne_Qualifier_Size() in C:\mydata\git\MongoSharp\MongoSharp.Tests\MongoFindTest.cs:line 240
]]></stack-trace>
                    </failure>
                  </test-case>
                </results>
              </test-suite>
            </results>
          </test-suite>
        </results>
      </test-suite>
    </results>
  </test-suite>
</test-results>