<?xml version="1.0" encoding="utf-8" standalone="no"?>
<!--This file represents the results of running a test suite-->
<test-results name="C:\mydata\git\MongoSharp\System.Data.Mongo.Tests\bin\Debug\System.Data.Mongo.Tests.dll" total="1" errors="1" failures="0" not-run="0" inconclusive="0" ignored="0" skipped="0" invalid="0" date="2010-02-12" time="14:37:47">
  <environment nunit-version="2.5.3.9345" clr-version="2.0.50727.4927" os-version="Microsoft Windows NT 6.1.7600.0" platform="Win32NT" cwd="C:\mydata\NUnit-2.5.3.9345\bin\net-2.0" machine-name="JALEXANDER-WORK" user="jalexander" user-domain="jalexander-work" />
  <culture-info current-culture="en-US" current-uiculture="en-US" />
  <test-suite name="C:\mydata\git\MongoSharp\System.Data.Mongo.Tests\bin\Debug\System.Data.Mongo.Tests.dll" executed="True" success="False" time="0.453" asserts="0">
    <results>
      <test-suite name="System" executed="True" success="False" time="0.444" asserts="0">
        <results>
          <test-suite name="Data" executed="True" success="False" time="0.444" asserts="0">
            <results>
              <test-suite name="Mongo" executed="True" success="False" time="0.441" asserts="0">
                <results>
                  <test-suite name="Tests" executed="True" success="False" time="0.438" asserts="0">
                    <results>
                      <test-suite name="MongoFindTest" executed="True" success="False" time="0.433" asserts="0">
                        <results>
                          <test-case name="System.Data.Mongo.Tests.MongoFindTest.MongoDatabase_FindOne_Returns" executed="True" success="False" time="0.413" asserts="0">
                            <failure>
                              <message><![CDATA[System.InvalidCastException : Specified cast is not valid.]]></message>
                              <stack-trace><![CDATA[at BSONLib.ReflectionHelpers.<>c__DisplayClass4`2.<SetterMethod>b__3(Object target, Object param) in C:\mydata\git\MongoSharp\BSONLib\ReflectionHelpers.cs:line 78
at BSONLib.BSONSerializer.Deserialize[T](BinaryReader stream, IDictionary`2& outProps) in C:\mydata\git\MongoSharp\BSONLib\BSONSerializer.cs:line 270
at BSONLib.BSONSerializer.Deserialize[T](Byte[] objectData, IDictionary`2& outProps) in C:\mydata\git\MongoSharp\BSONLib\BSONSerializer.cs:line 300
at System.Data.Mongo.Protocol.Messages.ReplyMessage`1..ctor(MongoContext context, String fullyQualifiedCollestionName, BinaryReader reply) in C:\mydata\git\MongoSharp\System.Data.Mongo\Protocol\Messages\ReplyMessage.cs:line 49
at System.Data.Mongo.Protocol.Messages.QueryMessage`2.Execute() in C:\mydata\git\MongoSharp\System.Data.Mongo\Protocol\Messages\QueryMessage.cs:line 132
at System.Data.Mongo.MongoCollection`1.<Find>d__0`1.MoveNext() in C:\mydata\git\MongoSharp\System.Data.Mongo\MongoCollection.cs:line 122
at System.Linq.Enumerable.First[TSource](IEnumerable`1 source)
at System.Data.Mongo.Tests.MongoFindTest.MongoDatabase_FindOne_Returns() in C:\mydata\git\MongoSharp\System.Data.Mongo.Tests\MongoFindTest.cs:line 29
]]></stack-trace>
                            </failure>
                          </test-case>
                        </results>
                      </test-suite>
                    </results>
                  </test-suite>
                </results>
              </test-suite>
            </results>
          </test-suite>
        </results>
      </test-suite>
    </results>
  </test-suite>
</test-results>