<?xml version="1.0" encoding="utf-8" standalone="no"?>
<!--This file represents the results of running a test suite-->
<test-results name="C:\mydata\git\MongoSharp\System.Data.Mongo.Tests\bin\Debug\System.Data.Mongo.Tests.dll" total="5" errors="0" failures="0" not-run="0" inconclusive="0" ignored="0" skipped="0" invalid="0" date="2010-02-13" time="22:14:02">
  <environment nunit-version="2.5.3.9345" clr-version="2.0.50727.4927" os-version="Microsoft Windows NT 6.1.7600.0" platform="Win32NT" cwd="C:\mydata\NUnit-2.5.3.9345\bin\net-2.0" machine-name="JALEXANDER-WORK" user="jalexander" user-domain="jalexander-work" />
  <culture-info current-culture="en-US" current-uiculture="en-US" />
  <test-suite name="C:\mydata\git\MongoSharp\System.Data.Mongo.Tests\bin\Debug\System.Data.Mongo.Tests.dll" executed="True" success="True" time="5.440" asserts="0">
    <results>
      <test-suite name="System" executed="True" success="True" time="5.432" asserts="0">
        <results>
          <test-suite name="Data" executed="True" success="True" time="5.431" asserts="0">
            <results>
              <test-suite name="Mongo" executed="True" success="True" time="5.430" asserts="0">
                <results>
                  <test-suite name="Tests" executed="True" success="True" time="5.429" asserts="0">
                    <results>
                      <test-suite name="MongoContextTest" executed="True" success="True" time="3.412" asserts="0">
                        <results>
                          <test-case name="System.Data.Mongo.Tests.MongoContextTest.Check_Invalid_Server" executed="True" success="True" time="2.183" asserts="1" />
                          <test-case name="System.Data.Mongo.Tests.MongoContextTest.Check_Valid_Server" executed="True" success="True" time="0.005" asserts="1" />
                          <test-case name="System.Data.Mongo.Tests.MongoContextTest.GetAllDatabases_Returns_DBs" executed="True" success="True" time="1.179" asserts="1" />
                        </results>
                      </test-suite>
                      <test-suite name="MongoDatabaseTest" executed="True" success="True" time="1.004" asserts="0">
                        <results>
                          <test-case name="System.Data.Mongo.Tests.MongoDatabaseTest.GetAllCollections_Returns_Collections" executed="True" success="True" time="1.004" asserts="1" />
                        </results>
                      </test-suite>
                      <test-suite name="MongoFindTest" executed="True" success="True" time="1.006" asserts="0">
                        <results>
                          <test-case name="System.Data.Mongo.Tests.MongoFindTest.MongoDatabase_FindOne_Returns" executed="True" success="True" time="1.005" asserts="1" />
                        </results>
                      </test-suite>
                    </results>
                  </test-suite>
                </results>
              </test-suite>
            </results>
          </test-suite>
        </results>
      </test-suite>
    </results>
  </test-suite>
</test-results>